<?xml version="1.0" encoding="UTF-8"?>
<!-- Generated by org.testng.reporters.JUnitXMLReporter -->
<testsuite hostname="iDeliver20-PC" name="TestFirefox" tests="1" failures="0" timestamp="15 Jul 2021 04:51:02 GMT" time="0.226" errors="0">
  <testcase name="@BeforeTest launchApplication" time="0.0" classname="testClass.TC001_SearchPhone_SnapDeal">
    <failure type="java.lang.IllegalStateException" message="The path to the driver executable must be set by the webdriver.gecko.driver system property; for more information, see https://github.com/mozilla/geckodriver. The latest version can be downloaded from https://github.com/mozilla/geckodriver/releases">
      <![CDATA[java.lang.IllegalStateException: The path to the driver executable must be set by the webdriver.gecko.driver system property; for more information, see https://github.com/mozilla/geckodriver. The latest version can be downloaded from https://github.com/mozilla/geckodriver/releases
	at com.google.common.base.Preconditions.checkState(Preconditions.java:847)
	at org.openqa.selenium.remote.service.DriverService.findExecutable(DriverService.java:134)
	at org.openqa.selenium.firefox.GeckoDriverService.access$100(GeckoDriverService.java:44)
	at org.openqa.selenium.firefox.GeckoDriverService$Builder.findDefaultExecutable(GeckoDriverService.java:167)
	at org.openqa.selenium.remote.service.DriverService$Builder.build(DriverService.java:355)
	at org.openqa.selenium.firefox.FirefoxDriver.toExecutor(FirefoxDriver.java:190)
	at org.openqa.selenium.firefox.FirefoxDriver.<init>(FirefoxDriver.java:147)
	at org.openqa.selenium.firefox.FirefoxDriver.<init>(FirefoxDriver.java:125)
	at base.TestBase.setDriverProperty(TestBase.java:87)
	at base.TestBase.launchApplication(TestBase.java:56)
... Removed 22 stack frames]]>
    </failure>
  </testcase> <!-- @BeforeTest launchApplication -->
  <testcase name="@AfterTest closeBrowser" time="0.0" classname="testClass.TC001_SearchPhone_SnapDeal">
    <skipped/>
  </testcase> <!-- @AfterTest closeBrowser -->
  <testcase name="searchFlightTest" time="0.001" classname="testClass.TC001_SearchPhone_SnapDeal">
    <skipped/>
  </testcase> <!-- searchFlightTest -->
</testsuite> <!-- TestFirefox -->
