<!DOCTYPE html PUBLIC "-//W3C//DTD XHTML 1.1//EN" "http://www.w3.org/TR/xhtml11/DTD/xhtml11.dtd">
<html xmlns="http://www.w3.org/1999/xhtml"><head><title>TestNG Report</title><style type="text/css">table {margin-bottom:10px;border-collapse:collapse;empty-cells:show}th,td {border:1px solid #009;padding:.25em .5em}th {vertical-align:bottom}td {vertical-align:top}table a {font-weight:bold}.stripe td {background-color: #E6EBF9}.num {text-align:right}.passedodd td {background-color: #3F3}.passedeven td {background-color: #0A0}.skippedodd td {background-color: #DDD}.skippedeven td {background-color: #CCC}.failedodd td,.attn {background-color: #F33}.failedeven td,.stripe .attn {background-color: #D00}.stacktrace {white-space:pre;font-family:monospace}.totop {font-size:85%;text-align:center;border-bottom:2px solid #000}</style></head><body><table><tr><th>Test</th><th># Passed</th><th># Skipped</th><th># Failed</th><th>Time (ms)</th><th>Included Groups</th><th>Excluded Groups</th></tr><tr><th colspan="7">Suite</th></tr><tr><td><a href="#t0">TestChrome</a></td><td class="num">0</td><td class="num attn">1</td><td class="num">0</td><td class="num">915</td><td></td><td></td></tr><tr class="stripe"><td><a href="#t1">TestFirefox</a></td><td class="num">0</td><td class="num attn">1</td><td class="num">0</td><td class="num">226</td><td></td><td></td></tr><tr><th>Total</th><th class="num">0</th><th class="num attn">2</th><th class="num">0</th><th class="num">1,141</th><th colspan="2"></th></tr></table><table><thead><tr><th>Class</th><th>Method</th><th>Start</th><th>Time (ms)</th></tr></thead><tbody><tr><th colspan="4">Suite</th></tr></tbody><tbody id="t0"><tr><th colspan="4">TestChrome &#8212; failed (configuration methods)</th></tr><tr class="failedeven"><td rowspan="1">testClass.TC001_SearchPhone_SnapDeal</td><td><a href="#m0">launchApplication</a></td><td rowspan="1">1626324661026</td><td rowspan="1">0</td></tr><tr><th colspan="4">TestChrome &#8212; skipped (configuration methods)</th></tr><tr class="skippedeven"><td rowspan="1">testClass.TC001_SearchPhone_SnapDeal</td><td><a href="#m1">closeBrowser</a></td><td rowspan="1">1626324661936</td><td rowspan="1">0</td></tr><tr><th colspan="4">TestChrome &#8212; skipped</th></tr><tr class="skippedeven"><td rowspan="1">testClass.TC001_SearchPhone_SnapDeal</td><td><a href="#m2">searchFlightTest</a></td><td rowspan="1">1626324661931</td><td rowspan="1">2</td></tr></tbody><tbody id="t1"><tr><th colspan="4">TestFirefox &#8212; failed (configuration methods)</th></tr><tr class="failedeven"><td rowspan="1">testClass.TC001_SearchPhone_SnapDeal</td><td><a href="#m3">launchApplication</a></td><td rowspan="1">1626324661969</td><td rowspan="1">0</td></tr><tr><th colspan="4">TestFirefox &#8212; skipped (configuration methods)</th></tr><tr class="skippedeven"><td rowspan="1">testClass.TC001_SearchPhone_SnapDeal</td><td><a href="#m4">closeBrowser</a></td><td rowspan="1">1626324662181</td><td rowspan="1">0</td></tr><tr><th colspan="4">TestFirefox &#8212; skipped</th></tr><tr class="skippedeven"><td rowspan="1">testClass.TC001_SearchPhone_SnapDeal</td><td><a href="#m5">searchFlightTest</a></td><td rowspan="1">1626324662177</td><td rowspan="1">1</td></tr></tbody></table><h2>TestChrome</h2><h3 id="m0">testClass.TC001_SearchPhone_SnapDeal#launchApplication</h3><table class="result"><tr class="param"><th>Parameter #1</th></tr><tr class="param stripe"><td>Chrome</td></tr><tr><th>Exception</th></tr><tr><td><div class="stacktrace">java.lang.IllegalStateException: The path to the driver executable must be set by the webdriver.chrome.driver system property; for more information, see https://github.com/SeleniumHQ/selenium/wiki/ChromeDriver. The latest version can be downloaded from http://chromedriver.storage.googleapis.com/index.html
	at com.google.common.base.Preconditions.checkState(Preconditions.java:847)
	at org.openqa.selenium.remote.service.DriverService.findExecutable(DriverService.java:134)
	at org.openqa.selenium.chrome.ChromeDriverService.access$000(ChromeDriverService.java:35)
	at org.openqa.selenium.chrome.ChromeDriverService$Builder.findDefaultExecutable(ChromeDriverService.java:159)
	at org.openqa.selenium.remote.service.DriverService$Builder.build(DriverService.java:355)
	at org.openqa.selenium.chrome.ChromeDriverService.createDefaultService(ChromeDriverService.java:94)
	at org.openqa.selenium.chrome.ChromeDriver.&lt;init&gt;(ChromeDriver.java:157)
	at base.TestBase.setDriverProperty(TestBase.java:81)
	at base.TestBase.launchApplication(TestBase.java:56)
... Removed 22 stack frames</div></td></tr></table><p class="totop"><a href="#summary">back to summary</a></p><h3 id="m1">testClass.TC001_SearchPhone_SnapDeal#closeBrowser</h3><table class="result"></table><p class="totop"><a href="#summary">back to summary</a></p><h3 id="m2">testClass.TC001_SearchPhone_SnapDeal#searchFlightTest</h3><table class="result"></table><p class="totop"><a href="#summary">back to summary</a></p><h2>TestFirefox</h2><h3 id="m3">testClass.TC001_SearchPhone_SnapDeal#launchApplication</h3><table class="result"><tr class="param"><th>Parameter #1</th></tr><tr class="param stripe"><td>FireFox</td></tr><tr><th>Exception</th></tr><tr><td><div class="stacktrace">java.lang.IllegalStateException: The path to the driver executable must be set by the webdriver.gecko.driver system property; for more information, see https://github.com/mozilla/geckodriver. The latest version can be downloaded from https://github.com/mozilla/geckodriver/releases
	at com.google.common.base.Preconditions.checkState(Preconditions.java:847)
	at org.openqa.selenium.remote.service.DriverService.findExecutable(DriverService.java:134)
	at org.openqa.selenium.firefox.GeckoDriverService.access$100(GeckoDriverService.java:44)
	at org.openqa.selenium.firefox.GeckoDriverService$Builder.findDefaultExecutable(GeckoDriverService.java:167)
	at org.openqa.selenium.remote.service.DriverService$Builder.build(DriverService.java:355)
	at org.openqa.selenium.firefox.FirefoxDriver.toExecutor(FirefoxDriver.java:190)
	at org.openqa.selenium.firefox.FirefoxDriver.&lt;init&gt;(FirefoxDriver.java:147)
	at org.openqa.selenium.firefox.FirefoxDriver.&lt;init&gt;(FirefoxDriver.java:125)
	at base.TestBase.setDriverProperty(TestBase.java:87)
	at base.TestBase.launchApplication(TestBase.java:56)
... Removed 22 stack frames</div></td></tr></table><p class="totop"><a href="#summary">back to summary</a></p><h3 id="m4">testClass.TC001_SearchPhone_SnapDeal#closeBrowser</h3><table class="result"></table><p class="totop"><a href="#summary">back to summary</a></p><h3 id="m5">testClass.TC001_SearchPhone_SnapDeal#searchFlightTest</h3><table class="result"></table><p class="totop"><a href="#summary">back to summary</a></p></body></html>